2018-08-17 11:08:46 [INFO]-[com.alibaba.druid.pool.DruidDataSource] {dataSource-1} inited
  2018-08-17 11:08:46 [INFO]-[com.alibaba.druid.pool.DruidDataSource] {dataSource-2} inited
  2018-08-17 11:08:47 [INFO]-[com.alibaba.druid.pool.DruidDataSource] {dataSource-2} closed
  2018-08-17 11:08:47 [INFO]-[com.alibaba.druid.pool.DruidDataSource] {dataSource-1} closed
  2018-08-17 11:33:11 [INFO]-[com.alibaba.druid.pool.DruidDataSource] {dataSource-1} inited
  2018-08-17 11:33:12 [INFO]-[com.alibaba.druid.pool.DruidDataSource] {dataSource-2} inited
  2018-08-17 11:33:16 [INFO]-[com.alibaba.druid.pool.DruidDataSource] {dataSource-2} closed
  2018-08-17 11:33:16 [INFO]-[com.alibaba.druid.pool.DruidDataSource] {dataSource-1} closed
  2018-08-17 11:34:16 [INFO]-[com.alibaba.druid.pool.DruidDataSource] {dataSource-1} inited
  2018-08-17 11:34:16 [INFO]-[com.alibaba.druid.pool.DruidDataSource] {dataSource-2} inited
  2018-08-17 11:34:16 [INFO]-[com.alibaba.druid.pool.DruidDataSource] {dataSource-2} closed
  2018-08-17 11:34:16 [INFO]-[com.alibaba.druid.pool.DruidDataSource] {dataSource-1} closed
  2018-08-17 15:59:13 [ERROR]-[com.alibaba.druid.pool.DruidDataSource] dataSource init error
  java.sql.SQLException: com.mysql.jdbc.Driver
	at com.alibaba.druid.util.JdbcUtils.createDriver(JdbcUtils.java:520)
	at com.alibaba.druid.pool.DruidDataSource.init(DruidDataSource.java:583)
	at sun.reflect.NativeMethodAccessorImpl.invoke0(Native Method)
	at sun.reflect.NativeMethodAccessorImpl.invoke(NativeMethodAccessorImpl.java:62)
	at sun.reflect.DelegatingMethodAccessorImpl.invoke(DelegatingMethodAccessorImpl.java:43)
	at java.lang.reflect.Method.invoke(Method.java:498)
	at org.springframework.beans.factory.support.AbstractAutowireCapableBeanFactory.invokeCustomInitMethod(AbstractAutowireCapableBeanFactory.java:1835)
	at org.springframework.beans.factory.support.AbstractAutowireCapableBeanFactory.invokeInitMethods(AbstractAutowireCapableBeanFactory.java:1778)
	at org.springframework.beans.factory.support.AbstractAutowireCapableBeanFactory.initializeBean(AbstractAutowireCapableBeanFactory.java:1706)
	at org.springframework.beans.factory.support.AbstractAutowireCapableBeanFactory.doCreateBean(AbstractAutowireCapableBeanFactory.java:583)
	at org.springframework.beans.factory.support.AbstractAutowireCapableBeanFactory.createBean(AbstractAutowireCapableBeanFactory.java:502)
	at org.springframework.beans.factory.support.AbstractBeanFactory.lambda$doGetBean$0(AbstractBeanFactory.java:312)
	at org.springframework.beans.factory.support.DefaultSingletonBeanRegistry.getSingleton(DefaultSingletonBeanRegistry.java:228)
	at org.springframework.beans.factory.support.AbstractBeanFactory.doGetBean(AbstractBeanFactory.java:310)
	at org.springframework.beans.factory.support.AbstractBeanFactory.getBean(AbstractBeanFactory.java:200)
	at org.springframework.beans.factory.support.DefaultListableBeanFactory.preInstantiateSingletons(DefaultListableBeanFactory.java:758)
	at org.springframework.context.support.AbstractApplicationContext.finishBeanFactoryInitialization(AbstractApplicationContext.java:868)
	at org.springframework.context.support.AbstractApplicationContext.refresh(AbstractApplicationContext.java:549)
	at org.springframework.web.servlet.FrameworkServlet.configureAndRefreshWebApplicationContext(FrameworkServlet.java:676)
	at org.springframework.web.servlet.FrameworkServlet.createWebApplicationContext(FrameworkServlet.java:642)
	at org.springframework.web.servlet.FrameworkServlet.createWebApplicationContext(FrameworkServlet.java:690)
	at org.springframework.web.servlet.FrameworkServlet.initWebApplicationContext(FrameworkServlet.java:558)
	at org.springframework.web.servlet.FrameworkServlet.initServletBean(FrameworkServlet.java:499)
	at org.springframework.web.servlet.HttpServletBean.init(HttpServletBean.java:172)
	at javax.servlet.GenericServlet.init(GenericServlet.java:244)
	at org.eclipse.jetty.servlet.ServletHolder.initServlet(ServletHolder.java:637)
	at org.eclipse.jetty.servlet.ServletHolder.initialize(ServletHolder.java:421)
	at org.eclipse.jetty.servlet.ServletHandler.initialize(ServletHandler.java:760)
	at org.eclipse.jetty.servlet.ServletContextHandler.startContext(ServletContextHandler.java:348)
	at org.eclipse.jetty.webapp.WebAppContext.startWebapp(WebAppContext.java:1514)
	at org.eclipse.jetty.maven.plugin.JettyWebAppContext.startWebapp(JettyWebAppContext.java:359)
	at org.eclipse.jetty.webapp.WebAppContext.startContext(WebAppContext.java:1476)
	at org.eclipse.jetty.server.handler.ContextHandler.doStart(ContextHandler.java:785)
	at org.eclipse.jetty.servlet.ServletContextHandler.doStart(ServletContextHandler.java:261)
	at org.eclipse.jetty.webapp.WebAppContext.doStart(WebAppContext.java:545)
	at org.eclipse.jetty.maven.plugin.JettyWebAppContext.doStart(JettyWebAppContext.java:434)
	at org.eclipse.jetty.util.component.AbstractLifeCycle.start(AbstractLifeCycle.java:68)
	at org.eclipse.jetty.util.component.ContainerLifeCycle.start(ContainerLifeCycle.java:131)
	at org.eclipse.jetty.util.component.ContainerLifeCycle.doStart(ContainerLifeCycle.java:113)
	at org.eclipse.jetty.server.handler.AbstractHandler.doStart(AbstractHandler.java:113)
	at org.eclipse.jetty.server.handler.ContextHandlerCollection.doStart(ContextHandlerCollection.java:167)
	at org.eclipse.jetty.util.component.AbstractLifeCycle.start(AbstractLifeCycle.java:68)
	at org.eclipse.jetty.util.component.ContainerLifeCycle.start(ContainerLifeCycle.java:131)
	at org.eclipse.jetty.util.component.ContainerLifeCycle.doStart(ContainerLifeCycle.java:113)
	at org.eclipse.jetty.server.handler.AbstractHandler.doStart(AbstractHandler.java:113)
	at org.eclipse.jetty.util.component.AbstractLifeCycle.start(AbstractLifeCycle.java:68)
	at org.eclipse.jetty.util.component.ContainerLifeCycle.start(ContainerLifeCycle.java:131)
	at org.eclipse.jetty.server.Server.start(Server.java:449)
	at org.eclipse.jetty.util.component.ContainerLifeCycle.doStart(ContainerLifeCycle.java:105)
	at org.eclipse.jetty.server.handler.AbstractHandler.doStart(AbstractHandler.java:113)
	at org.eclipse.jetty.server.Server.doStart(Server.java:416)
	at org.eclipse.jetty.util.component.AbstractLifeCycle.start(AbstractLifeCycle.java:68)
	at org.eclipse.jetty.maven.plugin.AbstractJettyMojo.startJetty(AbstractJettyMojo.java:467)
	at org.eclipse.jetty.maven.plugin.AbstractJettyMojo.execute(AbstractJettyMojo.java:333)
	at org.eclipse.jetty.maven.plugin.JettyRunMojo.execute(JettyRunMojo.java:180)
	at org.apache.maven.plugin.DefaultBuildPluginManager.executeMojo(DefaultBuildPluginManager.java:106)
	at org.apache.maven.lifecycle.internal.MojoExecutor.execute(MojoExecutor.java:208)
	at org.apache.maven.lifecycle.internal.MojoExecutor.execute(MojoExecutor.java:153)
	at org.apache.maven.lifecycle.internal.MojoExecutor.execute(MojoExecutor.java:145)
	at org.apache.maven.lifecycle.internal.LifecycleModuleBuilder.buildProject(LifecycleModuleBuilder.java:84)
	at org.apache.maven.lifecycle.internal.LifecycleModuleBuilder.buildProject(LifecycleModuleBuilder.java:59)
	at org.apache.maven.lifecycle.internal.LifecycleStarter.singleThreadedBuild(LifecycleStarter.java:183)
	at org.apache.maven.lifecycle.internal.LifecycleStarter.execute(LifecycleStarter.java:161)
	at org.apache.maven.DefaultMaven.doExecute(DefaultMaven.java:318)
	at org.apache.maven.DefaultMaven.execute(DefaultMaven.java:153)
	at org.apache.maven.cli.MavenCli.execute(MavenCli.java:555)
	at org.apache.maven.cli.MavenCli.doMain(MavenCli.java:214)
	at org.apache.maven.cli.MavenCli.main(MavenCli.java:158)
	at sun.reflect.NativeMethodAccessorImpl.invoke0(Native Method)
	at sun.reflect.NativeMethodAccessorImpl.invoke(NativeMethodAccessorImpl.java:62)
	at sun.reflect.DelegatingMethodAccessorImpl.invoke(DelegatingMethodAccessorImpl.java:43)
	at java.lang.reflect.Method.invoke(Method.java:498)
	at org.codehaus.plexus.classworlds.launcher.Launcher.launchEnhanced(Launcher.java:290)
	at org.codehaus.plexus.classworlds.launcher.Launcher.launch(Launcher.java:230)
	at org.codehaus.plexus.classworlds.launcher.Launcher.mainWithExitCode(Launcher.java:414)
	at org.codehaus.plexus.classworlds.launcher.Launcher.main(Launcher.java:357)
	at org.codehaus.classworlds.Launcher.main(Launcher.java:47)
Caused by: java.lang.ClassNotFoundException: com.mysql.jdbc.Driver
	at org.codehaus.plexus.classworlds.strategy.SelfFirstStrategy.loadClass(SelfFirstStrategy.java:50)
	at org.codehaus.plexus.classworlds.realm.ClassRealm.loadClass(ClassRealm.java:244)
	at org.codehaus.plexus.classworlds.realm.ClassRealm.loadClass(ClassRealm.java:230)
	at org.eclipse.jetty.webapp.WebAppClassLoader.loadClass(WebAppClassLoader.java:560)
	at java.lang.ClassLoader.loadClass(ClassLoader.java:357)
	at java.lang.Class.forName0(Native Method)
	at java.lang.Class.forName(Class.java:264)
	at com.alibaba.druid.util.JdbcUtils.createDriver(JdbcUtils.java:518)
	... 76 more
2018-08-17 15:59:13 [INFO]-[com.alibaba.druid.pool.DruidDataSource] {dataSource-1} inited
  2018-08-17 16:00:07 [INFO]-[com.alibaba.druid.pool.DruidDataSource] {dataSource-1} inited
  2018-08-17 16:01:19 [INFO]-[com.alibaba.druid.pool.DruidDataSource] {dataSource-1} inited
  2018-08-17 16:02:32 [INFO]-[com.alibaba.druid.pool.DruidDataSource] {dataSource-1} inited
  2018-08-17 16:10:48 [INFO]-[com.alibaba.druid.pool.DruidDataSource] {dataSource-1} inited
  2018-08-17 16:20:28 [INFO]-[com.alibaba.druid.pool.DruidDataSource] {dataSource-1} inited
  2018-08-17 16:23:02 [INFO]-[com.alibaba.druid.pool.DruidDataSource] {dataSource-1} inited
  2018-08-17 16:29:22 [INFO]-[com.alibaba.druid.pool.DruidDataSource] {dataSource-1} inited
  2018-08-17 16:34:39 [INFO]-[com.alibaba.druid.pool.DruidDataSource] {dataSource-1} inited
  